<?xml version="1.0" encoding="UTF-8"?>
<!-- Generated by org.testng.reporters.JUnitXMLReporter -->
<testsuite ignored="0" hostname="DESKTOP-V1V5T20" failures="2" tests="2" name="Test" time="21.713" errors="0" timestamp="2025-07-03T17:05:40 IST">
  <testcase classname="com.creatio.crm.application.tests.ApplicationTests" name="VerifySignUpForNewUserAccount" time="8.276">
    <failure type="java.sql.SQLException" message="The url cannot be null">
      <![CDATA[java.sql.SQLException: The url cannot be null
at java.sql/java.sql.DriverManager.getConnection(DriverManager.java:665)
at java.sql/java.sql.DriverManager.getConnection(DriverManager.java:230)
at com.creatio.crm.framework.utilities.DBUtil.readDb(DBUtil.java:22)
at com.creatio.crm.framework.db.commons.DBCommons.readData(DBCommons.java:18)
at com.creatio.crm.application.steps.SignUpPageSteps.enterCompanyDetailsDB(SignUpPageSteps.java:54)
at com.creatio.crm.application.tests.ApplicationTests.VerifySignUpForNewUserAccount(ApplicationTests.java:112)
at java.base/java.util.ArrayList.forEach(ArrayList.java:1597)
... Removed 25 stack frames]]>
    </failure>
  </testcase> <!-- VerifySignUpForNewUserAccount -->
  <testcase classname="com.creatio.crm.application.tests.ApplicationTests" name="VerifySignUpForNewUserAccount" time="8.741">
    <failure type="java.sql.SQLException" message="The url cannot be null">
      <![CDATA[java.sql.SQLException: The url cannot be null
at java.sql/java.sql.DriverManager.getConnection(DriverManager.java:665)
at java.sql/java.sql.DriverManager.getConnection(DriverManager.java:230)
at com.creatio.crm.framework.utilities.DBUtil.readDb(DBUtil.java:22)
at com.creatio.crm.framework.db.commons.DBCommons.readData(DBCommons.java:18)
at com.creatio.crm.application.steps.SignUpPageSteps.enterCompanyDetailsDB(SignUpPageSteps.java:54)
at com.creatio.crm.application.tests.ApplicationTests.VerifySignUpForNewUserAccount(ApplicationTests.java:112)
at java.base/java.util.ArrayList.forEach(ArrayList.java:1597)
... Removed 25 stack frames]]>
    </failure>
  </testcase> <!-- VerifySignUpForNewUserAccount -->
</testsuite> <!-- Test -->
