<?xml version="1.0" encoding="UTF-8"?>
<testng-results ignored="0" total="2" passed="0" failed="2" skipped="0">
  <reporter-output>
  </reporter-output>
  <suite started-at="2025-07-03T17:05:18 IST" name="Suite" finished-at="2025-07-03T17:05:40 IST" duration-ms="21713">
    <groups>
    </groups>
    <test started-at="2025-07-03T17:05:18 IST" name="Test" finished-at="2025-07-03T17:05:40 IST" duration-ms="21713">
      <class name="com.creatio.crm.application.tests.ApplicationTests">
        <test-method is-config="true" signature="setUpReport()[pri:0, instance:com.creatio.crm.application.tests.ApplicationTests@74235045]" started-at="2025-07-03T17:05:18 IST" name="setUpReport" finished-at="2025-07-03T17:05:18 IST" duration-ms="177" status="PASS">
          <reporter-output>
          </reporter-output>
        </test-method> <!-- setUpReport -->
        <test-method is-config="true" signature="setupBrowser(java.lang.String)[pri:0, instance:com.creatio.crm.application.tests.ApplicationTests@74235045]" started-at="2025-07-03T17:05:19 IST" name="setupBrowser" finished-at="2025-07-03T17:05:21 IST" duration-ms="1642" status="PASS">
          <params>
            <param index="0">
              <value>
                <![CDATA[chrome]]>
              </value>
            </param>
          </params>
          <reporter-output>
          </reporter-output>
        </test-method> <!-- setupBrowser -->
        <test-method is-config="true" signature="initializePageObjects()[pri:0, instance:com.creatio.crm.application.tests.ApplicationTests@74235045]" started-at="2025-07-03T17:05:21 IST" name="initializePageObjects" finished-at="2025-07-03T17:05:21 IST" depends-on-methods="com.creatio.crm.framework.base.BasePage.setupBrowser" duration-ms="34" status="PASS">
          <reporter-output>
          </reporter-output>
        </test-method> <!-- initializePageObjects -->
        <test-method signature="VerifySignUpForNewUserAccount(java.lang.String,java.lang.String)[pri:11, instance:com.creatio.crm.application.tests.ApplicationTests@74235045]" started-at="2025-07-03T17:05:21 IST" name="VerifySignUpForNewUserAccount" data-provider="data" finished-at="2025-07-03T17:05:29 IST" duration-ms="8276" status="FAIL">
          <params>
            <param index="0">
              <value>
                <![CDATA[username]]>
              </value>
            </param>
            <param index="1">
              <value>
                <![CDATA[Password]]>
              </value>
            </param>
          </params>
          <exception class="java.sql.SQLException">
            <message>
              <![CDATA[The url cannot be null]]>
            </message>
            <full-stacktrace>
              <![CDATA[java.sql.SQLException: The url cannot be null
at java.sql/java.sql.DriverManager.getConnection(DriverManager.java:665)
at java.sql/java.sql.DriverManager.getConnection(DriverManager.java:230)
at com.creatio.crm.framework.utilities.DBUtil.readDb(DBUtil.java:22)
at com.creatio.crm.framework.db.commons.DBCommons.readData(DBCommons.java:18)
at com.creatio.crm.application.steps.SignUpPageSteps.enterCompanyDetailsDB(SignUpPageSteps.java:54)
at com.creatio.crm.application.tests.ApplicationTests.VerifySignUpForNewUserAccount(ApplicationTests.java:112)
at java.base/jdk.internal.reflect.DirectMethodHandleAccessor.invoke(DirectMethodHandleAccessor.java:103)
at java.base/java.lang.reflect.Method.invoke(Method.java:580)
at org.testng.internal.MethodInvocationHelper.invokeMethod(MethodInvocationHelper.java:133)
at org.testng.internal.TestInvoker.invokeMethod(TestInvoker.java:598)
at org.testng.internal.TestInvoker.invokeTestMethod(TestInvoker.java:173)
at org.testng.internal.MethodRunner.runInSequence(MethodRunner.java:46)
at org.testng.internal.TestInvoker$MethodInvocationAgent.invoke(TestInvoker.java:824)
at org.testng.internal.TestInvoker.invokeTestMethods(TestInvoker.java:146)
at org.testng.internal.TestMethodWorker.invokeTestMethods(TestMethodWorker.java:146)
at org.testng.internal.TestMethodWorker.run(TestMethodWorker.java:128)
at java.base/java.util.ArrayList.forEach(ArrayList.java:1597)
at org.testng.TestRunner.privateRun(TestRunner.java:794)
at org.testng.TestRunner.run(TestRunner.java:596)
at org.testng.SuiteRunner.runTest(SuiteRunner.java:377)
at org.testng.SuiteRunner.runSequentially(SuiteRunner.java:371)
at org.testng.SuiteRunner.privateRun(SuiteRunner.java:332)
at org.testng.SuiteRunner.run(SuiteRunner.java:276)
at org.testng.SuiteRunnerWorker.runSuite(SuiteRunnerWorker.java:53)
at org.testng.SuiteRunnerWorker.run(SuiteRunnerWorker.java:96)
at org.testng.TestNG.runSuitesSequentially(TestNG.java:1212)
at org.testng.TestNG.runSuitesLocally(TestNG.java:1134)
at org.testng.TestNG.runSuites(TestNG.java:1063)
at org.testng.TestNG.run(TestNG.java:1031)
at org.testng.remote.AbstractRemoteTestNG.run(AbstractRemoteTestNG.java:115)
at org.testng.remote.RemoteTestNG.initAndRun(RemoteTestNG.java:293)
at org.testng.remote.RemoteTestNG.main(RemoteTestNG.java:91)
]]>
            </full-stacktrace>
          </exception> <!-- java.sql.SQLException -->
          <reporter-output>
          </reporter-output>
        </test-method> <!-- VerifySignUpForNewUserAccount -->
        <test-method is-config="true" signature="tearDownBrowser()[pri:0, instance:com.creatio.crm.application.tests.ApplicationTests@74235045]" started-at="2025-07-03T17:05:29 IST" name="tearDownBrowser" finished-at="2025-07-03T17:05:30 IST" duration-ms="199" status="PASS">
          <reporter-output>
          </reporter-output>
        </test-method> <!-- tearDownBrowser -->
        <test-method is-config="true" signature="setupBrowser(java.lang.String)[pri:0, instance:com.creatio.crm.application.tests.ApplicationTests@74235045]" started-at="2025-07-03T17:05:30 IST" name="setupBrowser" finished-at="2025-07-03T17:05:31 IST" duration-ms="1143" status="PASS">
          <params>
            <param index="0">
              <value>
                <![CDATA[chrome]]>
              </value>
            </param>
          </params>
          <reporter-output>
          </reporter-output>
        </test-method> <!-- setupBrowser -->
        <test-method is-config="true" signature="initializePageObjects()[pri:0, instance:com.creatio.crm.application.tests.ApplicationTests@74235045]" started-at="2025-07-03T17:05:31 IST" name="initializePageObjects" finished-at="2025-07-03T17:05:31 IST" depends-on-methods="com.creatio.crm.framework.base.BasePage.setupBrowser" duration-ms="4" status="PASS">
          <reporter-output>
          </reporter-output>
        </test-method> <!-- initializePageObjects -->
        <test-method signature="VerifySignUpForNewUserAccount(java.lang.String,java.lang.String)[pri:11, instance:com.creatio.crm.application.tests.ApplicationTests@74235045]" started-at="2025-07-03T17:05:31 IST" name="VerifySignUpForNewUserAccount" data-provider="data" finished-at="2025-07-03T17:05:39 IST" duration-ms="8741" status="FAIL">
          <params>
            <param index="0">
              <value>
                <![CDATA[Vishu92.c@gmail.com]]>
              </value>
            </param>
            <param index="1">
              <value>
                <![CDATA[Darsh@1010]]>
              </value>
            </param>
          </params>
          <exception class="java.sql.SQLException">
            <message>
              <![CDATA[The url cannot be null]]>
            </message>
            <full-stacktrace>
              <![CDATA[java.sql.SQLException: The url cannot be null
at java.sql/java.sql.DriverManager.getConnection(DriverManager.java:665)
at java.sql/java.sql.DriverManager.getConnection(DriverManager.java:230)
at com.creatio.crm.framework.utilities.DBUtil.readDb(DBUtil.java:22)
at com.creatio.crm.framework.db.commons.DBCommons.readData(DBCommons.java:18)
at com.creatio.crm.application.steps.SignUpPageSteps.enterCompanyDetailsDB(SignUpPageSteps.java:54)
at com.creatio.crm.application.tests.ApplicationTests.VerifySignUpForNewUserAccount(ApplicationTests.java:112)
at java.base/jdk.internal.reflect.DirectMethodHandleAccessor.invoke(DirectMethodHandleAccessor.java:103)
at java.base/java.lang.reflect.Method.invoke(Method.java:580)
at org.testng.internal.MethodInvocationHelper.invokeMethod(MethodInvocationHelper.java:133)
at org.testng.internal.TestInvoker.invokeMethod(TestInvoker.java:598)
at org.testng.internal.TestInvoker.invokeTestMethod(TestInvoker.java:173)
at org.testng.internal.MethodRunner.runInSequence(MethodRunner.java:46)
at org.testng.internal.TestInvoker$MethodInvocationAgent.invoke(TestInvoker.java:824)
at org.testng.internal.TestInvoker.invokeTestMethods(TestInvoker.java:146)
at org.testng.internal.TestMethodWorker.invokeTestMethods(TestMethodWorker.java:146)
at org.testng.internal.TestMethodWorker.run(TestMethodWorker.java:128)
at java.base/java.util.ArrayList.forEach(ArrayList.java:1597)
at org.testng.TestRunner.privateRun(TestRunner.java:794)
at org.testng.TestRunner.run(TestRunner.java:596)
at org.testng.SuiteRunner.runTest(SuiteRunner.java:377)
at org.testng.SuiteRunner.runSequentially(SuiteRunner.java:371)
at org.testng.SuiteRunner.privateRun(SuiteRunner.java:332)
at org.testng.SuiteRunner.run(SuiteRunner.java:276)
at org.testng.SuiteRunnerWorker.runSuite(SuiteRunnerWorker.java:53)
at org.testng.SuiteRunnerWorker.run(SuiteRunnerWorker.java:96)
at org.testng.TestNG.runSuitesSequentially(TestNG.java:1212)
at org.testng.TestNG.runSuitesLocally(TestNG.java:1134)
at org.testng.TestNG.runSuites(TestNG.java:1063)
at org.testng.TestNG.run(TestNG.java:1031)
at org.testng.remote.AbstractRemoteTestNG.run(AbstractRemoteTestNG.java:115)
at org.testng.remote.RemoteTestNG.initAndRun(RemoteTestNG.java:293)
at org.testng.remote.RemoteTestNG.main(RemoteTestNG.java:91)
]]>
            </full-stacktrace>
          </exception> <!-- java.sql.SQLException -->
          <reporter-output>
          </reporter-output>
        </test-method> <!-- VerifySignUpForNewUserAccount -->
        <test-method is-config="true" signature="tearDownBrowser()[pri:0, instance:com.creatio.crm.application.tests.ApplicationTests@74235045]" started-at="2025-07-03T17:05:40 IST" name="tearDownBrowser" finished-at="2025-07-03T17:05:40 IST" duration-ms="214" status="PASS">
          <reporter-output>
          </reporter-output>
        </test-method> <!-- tearDownBrowser -->
      </class> <!-- com.creatio.crm.application.tests.ApplicationTests -->
    </test> <!-- Test -->
  </suite> <!-- Suite -->
</testng-results>
